<?xml version="1.0" encoding="UTF-8"?>
<testng-results ignored="0" total="1" passed="1" failed="0" skipped="0">
  <reporter-output>
  </reporter-output>
  <suite started-at="2022-08-21T12:36:44 CEST" name="Surefire suite" finished-at="2022-08-21T12:36:44 CEST" duration-ms="35">
    <groups>
    </groups>
    <test started-at="2022-08-21T12:36:44 CEST" name="Surefire test" finished-at="2022-08-21T12:36:44 CEST" duration-ms="35">
      <class name="testpack.IntegrateTest">
        <test-method signature="f()[pri:0, instance:testpack.IntegrateTest@3d8314f0]" started-at="2022-08-21T12:36:44 CEST" name="f" finished-at="2022-08-21T12:36:44 CEST" duration-ms="4" status="PASS">
          <reporter-output>
          </reporter-output>
        </test-method> <!-- f -->
      </class> <!-- testpack.IntegrateTest -->
    </test> <!-- Surefire test -->
  </suite> <!-- Surefire suite -->
</testng-results>
