<?xml version="1.0" encoding="UTF-8"?>
<testng-results ignored="0" total="1" passed="1" failed="0" skipped="0">
  <reporter-output>
  </reporter-output>
  <suite started-at="2022-08-21T12:32:26 CEST" name="Default suite" finished-at="2022-08-21T12:32:26 CEST" duration-ms="41">
    <groups>
    </groups>
    <test started-at="2022-08-21T12:32:26 CEST" name="Default test" finished-at="2022-08-21T12:32:26 CEST" duration-ms="41">
      <class name="testpack.IntegrateTest">
        <test-method signature="f()[pri:0, instance:testpack.IntegrateTest@48974e45]" started-at="2022-08-21T12:32:26 CEST" name="f" finished-at="2022-08-21T12:32:26 CEST" duration-ms="10" status="PASS">
          <reporter-output>
          </reporter-output>
        </test-method> <!-- f -->
      </class> <!-- testpack.IntegrateTest -->
    </test> <!-- Default test -->
  </suite> <!-- Default suite -->
</testng-results>
